<?xml version="1.0" encoding="UTF-8"?>
<robot generator="Robot 7.0.1 (Python 3.12.1 on linux)" generated="2025-08-06T04:41:38.051295" rpa="false" schemaversion="5">
<suite id="s1" name="E2ETest" source="/workspaces/GenIA-E2ETest/TestCases/App1-TestCase1/1.App1-TestCase1/E2ETest.robot">
<test id="s1-t1" name="Verify Subscription in Home Page" line="9">
<kw name="Open Browser" owner="SeleniumLibrary">
<msg time="2025-08-06T04:41:38.245333" level="INFO">Opening browser 'chrome' to base url 'http://automationexercise.com'.</msg>
<msg time="2025-08-06T04:41:45.591627" level="INFO">Cannot capture screenshot because no browser is open.</msg>
<msg time="2025-08-06T04:41:45.591910" level="FAIL">SessionNotCreatedException: Message: session not created: probably user data directory is already in use, please specify a unique value for --user-data-dir argument, or don't use --user-data-dir
Stacktrace:
#0 0x61c8962e205a &lt;unknown&gt;
#1 0x61c895d81a70 &lt;unknown&gt;
#2 0x61c895dbce07 &lt;unknown&gt;
#3 0x61c895db75a7 &lt;unknown&gt;
#4 0x61c895e0793e &lt;unknown&gt;
#5 0x61c895e06f06 &lt;unknown&gt;
#6 0x61c895df91b3 &lt;unknown&gt;
#7 0x61c895dc559b &lt;unknown&gt;
#8 0x61c895dc6971 &lt;unknown&gt;
#9 0x61c8962a722b &lt;unknown&gt;
#10 0x61c8962aaf79 &lt;unknown&gt;
#11 0x61c89628e309 &lt;unknown&gt;
#12 0x61c8962abb28 &lt;unknown&gt;
#13 0x61c896272bef &lt;unknown&gt;
#14 0x61c8962cf0e8 &lt;unknown&gt;
#15 0x61c8962cf2c6 &lt;unknown&gt;
#16 0x61c8962e1036 &lt;unknown&gt;
#17 0x70fd60814aa4 &lt;unknown&gt;
#18 0x70fd608a1c3c &lt;unknown&gt;
</msg>
<arg>${URL}</arg>
<arg>chrome</arg>
<doc>Opens a new browser instance to the optional ``url``.</doc>
<status status="FAIL" start="2025-08-06T04:41:38.245078" elapsed="7.481512">SessionNotCreatedException: Message: session not created: probably user data directory is already in use, please specify a unique value for --user-data-dir argument, or don't use --user-data-dir
Stacktrace:
#0 0x61c8962e205a &lt;unknown&gt;
#1 0x61c895d81a70 &lt;unknown&gt;
#2 0x61c895dbce07 &lt;unknown&gt;
#3 0x61c895db75a7 &lt;unknown&gt;
#4 0x61c895e0793e &lt;unknown&gt;
#5 0x61c895e06f06 &lt;unknown&gt;
#6 0x61c895df91b3 &lt;unknown&gt;
#7 0x61c895dc559b &lt;unknown&gt;
#8 0x61c895dc6971 &lt;unknown&gt;
#9 0x61c8962a722b &lt;unknown&gt;
#10 0x61c8962aaf79 &lt;unknown&gt;
#11 0x61c89628e309 &lt;unknown&gt;
#12 0x61c8962abb28 &lt;unknown&gt;
#13 0x61c896272bef &lt;unknown&gt;
#14 0x61c8962cf0e8 &lt;unknown&gt;
#15 0x61c8962cf2c6 &lt;unknown&gt;
#16 0x61c8962e1036 &lt;unknown&gt;
#17 0x70fd60814aa4 &lt;unknown&gt;
#18 0x70fd608a1c3c &lt;unknown&gt;
</status>
</kw>
<kw name="Maximize Browser Window" owner="SeleniumLibrary">
<doc>Maximizes current browser window.</doc>
<status status="NOT RUN" start="2025-08-06T04:41:45.727043" elapsed="0.000061"/>
</kw>
<kw name="Page Should Contain Element" owner="SeleniumLibrary">
<arg>xpath=//*[contains(text(), 'SUBSCRIPTION')]</arg>
<doc>Verifies that element ``locator`` is found on the current page.</doc>
<status status="NOT RUN" start="2025-08-06T04:41:45.727442" elapsed="0.000043"/>
</kw>
<kw name="Scroll To Element">
<arg>xpath=//*[contains(text(), 'SUBSCRIPTION')]</arg>
<status status="NOT RUN" start="2025-08-06T04:41:45.727821" elapsed="0.000044"/>
</kw>
<kw name="Input Text" owner="SeleniumLibrary">
<arg>xpath=//*[@id='susbscribe_email']</arg>
<arg>${EMAIL}</arg>
<doc>Types the given ``text`` into the text field identified by ``locator``.</doc>
<status status="NOT RUN" start="2025-08-06T04:41:45.728110" elapsed="0.000042"/>
</kw>
<kw name="Click Button" owner="SeleniumLibrary">
<arg>xpath=//*[@id='subscribe']</arg>
<doc>Clicks the button identified by ``locator``.</doc>
<status status="NOT RUN" start="2025-08-06T04:41:45.728418" elapsed="0.000041"/>
</kw>
<kw name="Page Should Contain Element" owner="SeleniumLibrary">
<arg>xpath=//*[contains(text(), 'You have been successfully subscribed!')]</arg>
<doc>Verifies that element ``locator`` is found on the current page.</doc>
<status status="NOT RUN" start="2025-08-06T04:41:45.728693" elapsed="0.000038"/>
</kw>
<kw name="Close Browser" owner="SeleniumLibrary">
<doc>Closes the current browser.</doc>
<status status="NOT RUN" start="2025-08-06T04:41:45.728958" elapsed="0.000038"/>
</kw>
<doc>Verify Subscription in home page</doc>
<status status="FAIL" start="2025-08-06T04:41:38.244265" elapsed="7.485109">SessionNotCreatedException: Message: session not created: probably user data directory is already in use, please specify a unique value for --user-data-dir argument, or don't use --user-data-dir
Stacktrace:
#0 0x61c8962e205a &lt;unknown&gt;
#1 0x61c895d81a70 &lt;unknown&gt;
#2 0x61c895dbce07 &lt;unknown&gt;
#3 0x61c895db75a7 &lt;unknown&gt;
#4 0x61c895e0793e &lt;unknown&gt;
#5 0x61c895e06f06 &lt;unknown&gt;
#6 0x61c895df91b3 &lt;unknown&gt;
#7 0x61c895dc559b &lt;unknown&gt;
#8 0x61c895dc6971 &lt;unknown&gt;
#9 0x61c8962a722b &lt;unknown&gt;
#10 0x61c8962aaf79 &lt;unknown&gt;
#11 0x61c89628e309 &lt;unknown&gt;
#12 0x61c8962abb28 &lt;unknown&gt;
#13 0x61c896272bef &lt;unknown&gt;
#14 0x61c8962cf0e8 &lt;unknown&gt;
#15 0x61c8962cf2c6 &lt;unknown&gt;
#16 0x61c8962e1036 &lt;unknown&gt;
#17 0x70fd60814aa4 &lt;unknown&gt;
#18 0x70fd608a1c3c &lt;unknown&gt;
</status>
</test>
<status status="FAIL" start="2025-08-06T04:41:38.052423" elapsed="7.677888"/>
</suite>
<statistics>
<total>
<stat pass="0" fail="1" skip="0">All Tests</stat>
</total>
<tag>
</tag>
<suite>
<stat pass="0" fail="1" skip="0" id="s1" name="E2ETest">E2ETest</stat>
</suite>
</statistics>
<errors>
</errors>
</robot>
