<?xml version="1.0" encoding="UTF-8"?>
<robot generator="Robot 7.0.1 (Python 3.12.3 on win32)" generated="2025-04-01T02:33:23.376714" rpa="false" schemaversion="5">
<suite id="s1" name="Test1" source="C:\Users\Elvis\OneDrive\Área de Trabalho\Crawl4AI_Test\.robot\test1.robot">
<test id="s1-t1" name="Register With All Valid Fields" line="24">
<kw name="Open Browser" owner="SeleniumLibrary">
<msg time="2025-04-01T02:33:23.981515" level="INFO">Opening browser 'Chrome' to base url 'http://localhost:5173/SignUp'.</msg>
<arg>${URL}</arg>
<arg>Chrome</arg>
<doc>Opens a new browser instance to the optional ``url``.</doc>
<status status="PASS" start="2025-04-01T02:33:23.981515" elapsed="7.959581"/>
</kw>
<kw name="Maximize Browser Window" owner="SeleniumLibrary">
<doc>Maximizes current browser window.</doc>
<status status="PASS" start="2025-04-01T02:33:31.941096" elapsed="0.046637"/>
</kw>
<kw name="Fill Valid Registration Form">
<kw name="Input Text" owner="SeleniumLibrary">
<msg time="2025-04-01T02:33:31.987733" level="INFO">Typing text 'Maria' into text field 'xpath=//*[@id='input_nome']'.</msg>
<arg>xpath=${INPUT_FIRST_NAME_XPATH}</arg>
<arg>${VALID_NAME}</arg>
<doc>Types the given ``text`` into the text field identified by ``locator``.</doc>
<status status="PASS" start="2025-04-01T02:33:31.987733" elapsed="0.143401"/>
</kw>
<kw name="Input Text" owner="SeleniumLibrary">
<msg time="2025-04-01T02:33:32.143289" level="INFO">Typing text 'Silva' into text field 'xpath=//*[@id='input_sobrenome']'.</msg>
<arg>xpath=${INPUT_LAST_NAME_XPATH}</arg>
<arg>${VALID_SURNAME}</arg>
<doc>Types the given ``text`` into the text field identified by ``locator``.</doc>
<status status="PASS" start="2025-04-01T02:33:32.142172" elapsed="0.077581"/>
</kw>
<kw name="Input Text" owner="SeleniumLibrary">
<msg time="2025-04-01T02:33:32.220754" level="INFO">Typing text 'maria@example.com' into text field 'xpath=//*[@id='input_email']'.</msg>
<arg>xpath=${INPUT_EMAIL_XPATH}</arg>
<arg>${VALID_EMAIL}</arg>
<doc>Types the given ``text`` into the text field identified by ``locator``.</doc>
<status status="PASS" start="2025-04-01T02:33:32.220754" elapsed="0.080498"/>
</kw>
<kw name="Input Text" owner="SeleniumLibrary">
<msg time="2025-04-01T02:33:32.308273" level="INFO">Typing text 'maria@example.com' into text field 'xpath=//*[@id='input_confirmar_email']'.</msg>
<arg>xpath=${INPUT_EMAIL_CONFIRMATION_XPATH}</arg>
<arg>${VALID_EMAIL}</arg>
<doc>Types the given ``text`` into the text field identified by ``locator``.</doc>
<status status="PASS" start="2025-04-01T02:33:32.301252" elapsed="0.080506"/>
</kw>
<kw name="Input Password" owner="SeleniumLibrary">
<msg time="2025-04-01T02:33:32.381758" level="INFO">Typing password into text field 'xpath=//*[@id='input_senha']'.</msg>
<msg time="2025-04-01T02:33:32.428213" level="INFO">Temporally setting log level to: NONE</msg>
<arg>xpath=${INPUT_PASSWORD_XPATH}</arg>
<arg>${VALID_PASSWORD}</arg>
<doc>Types the given password into the text field identified by ``locator``.</doc>
<status status="PASS" start="2025-04-01T02:33:32.381758" elapsed="0.150069"/>
</kw>
<kw name="Input Password" owner="SeleniumLibrary">
<msg time="2025-04-01T02:33:32.534856" level="INFO">Typing password into text field 'xpath=//*[@id='input_confirmar_senha']'.</msg>
<msg time="2025-04-01T02:33:32.608218" level="INFO">Temporally setting log level to: NONE</msg>
<arg>xpath=${INPUT_PASSWORD_CONFIRMATION_XPATH}</arg>
<arg>${VALID_PASSWORD}</arg>
<doc>Types the given password into the text field identified by ``locator``.</doc>
<status status="PASS" start="2025-04-01T02:33:32.532858" elapsed="0.114440"/>
</kw>
<kw name="Click Element" owner="SeleniumLibrary">
<msg time="2025-04-01T02:33:32.647298" level="INFO">Clicking element 'xpath=//input[@type='checkbox']'.</msg>
<arg>xpath=${CHECKBOX_XPATH}</arg>
<doc>Click the element identified by ``locator``.</doc>
<status status="PASS" start="2025-04-01T02:33:32.647298" elapsed="0.107489"/>
</kw>
<doc>Fills the registration form with valid data.</doc>
<status status="PASS" start="2025-04-01T02:33:31.987733" elapsed="0.767054"/>
</kw>
<kw name="Click Register Button">
<kw name="Click Button" owner="SeleniumLibrary">
<msg time="2025-04-01T02:33:32.754787" level="INFO">Clicking button 'xpath=//*[@id='submit_form']'.</msg>
<arg>xpath=${REGISTER_BUTTON_XPATH}</arg>
<doc>Clicks the button identified by ``locator``.</doc>
<status status="PASS" start="2025-04-01T02:33:32.754787" elapsed="0.127163"/>
</kw>
<doc>Clicks the register button.</doc>
<status status="PASS" start="2025-04-01T02:33:32.754787" elapsed="0.127687"/>
</kw>
<kw name="Verify Success Message">
<kw name="Wait Until Page Contains" owner="SeleniumLibrary">
<arg>${SUCCESS_MESSAGE}</arg>
<arg>timeout=10s</arg>
<doc>Waits until ``text`` appears on the current page.</doc>
<status status="PASS" start="2025-04-01T02:33:32.882994" elapsed="0.011222"/>
</kw>
<doc>Verifies if the success message is displayed.</doc>
<status status="PASS" start="2025-04-01T02:33:32.882474" elapsed="0.011742"/>
</kw>
<kw name="Close Browser" owner="SeleniumLibrary" type="TEARDOWN">
<doc>Closes the current browser.</doc>
<status status="PASS" start="2025-04-01T02:33:32.895180" elapsed="2.846623"/>
</kw>
<doc>Registration test with all valid fields.</doc>
<status status="PASS" start="2025-04-01T02:33:23.981515" elapsed="11.760288"/>
</test>
<status status="PASS" start="2025-04-01T02:33:23.381028" elapsed="12.360775"/>
</suite>
<statistics>
<total>
<stat pass="1" fail="0" skip="0">All Tests</stat>
</total>
<tag>
</tag>
<suite>
<stat pass="1" fail="0" skip="0" id="s1" name="Test1">Test1</stat>
</suite>
</statistics>
<errors>
</errors>
</robot>
